<?xml version="1.0" encoding="UTF-8"?>
<testng-results skipped="0" failed="0" ignored="0" total="1" passed="1">
  <reporter-output>
    <line>
      <![CDATA[hi]]>
    </line>
    <line>
      <![CDATA[hello]]>
    </line>
  </reporter-output>
  <suite name="Default suite" duration-ms="101" started-at="2017-05-16T05:54:53Z" finished-at="2017-05-16T05:54:53Z">
    <groups>
    </groups>
    <test name="Default test" duration-ms="101" started-at="2017-05-16T05:54:53Z" finished-at="2017-05-16T05:54:53Z">
      <class name="com.flipkart.script.SampleTest">
        <test-method status="PASS" signature="testA()[pri:0, instance:com.flipkart.script.SampleTest@66a3ffec]" name="testA" duration-ms="28" started-at="2017-05-16T11:24:53Z" finished-at="2017-05-16T11:24:53Z">
          <reporter-output>
            <line>
              <![CDATA[hi]]>
            </line>
            <line>
              <![CDATA[hello]]>
            </line>
          </reporter-output>
        </test-method> <!-- testA -->
      </class> <!-- com.flipkart.script.SampleTest -->
    </test> <!-- Default test -->
  </suite> <!-- Default suite -->
</testng-results>
